Temp/gradleOut/build/outputs/logs/manifest-merger-release-report.txt
-- Merging decision tree log ---
manifest
ADDED from src\main\AndroidManifest.xml:2:1-29:12
INJECTED from src\main\AndroidManifest.xml:2:1-29:12
INJECTED from src\main\AndroidManifest.xml:2:1-29:12
INJECTED from src\main\AndroidManifest.xml:2:1-29:12
MERGED from [:VuforiaWrapper:] AndroidManifest.xml:2:1-14:12
INJECTED from src\main\AndroidManifest.xml:2:1-29:12
INJECTED from src\main\AndroidManifest.xml:2:1-29:12
INJECTED from src\main\AndroidManifest.xml:2:1-29:12
	package
		ADDED from src\main\AndroidManifest.xml:2:70-107
		INJECTED from src\main\AndroidManifest.xml
		INJECTED from src\main\AndroidManifest.xml
	android:versionName
		INJECTED from src\main\AndroidManifest.xml
		ADDED from src\main\AndroidManifest.xml:2:1-29:12
		INJECTED from src\main\AndroidManifest.xml
	xmlns:tools
		ADDED from src\main\AndroidManifest.xml:2:108-154
	android:versionCode
		INJECTED from src\main\AndroidManifest.xml
		ADDED from src\main\AndroidManifest.xml:2:1-29:12
		INJECTED from src\main\AndroidManifest.xml
	xmlns:android
		ADDED from src\main\AndroidManifest.xml:2:11-69
	android:installLocation
		ADDED from src\main\AndroidManifest.xml:2:155-195
supports-screens
ADDED from src\main\AndroidManifest.xml:3:3-163
	android:largeScreens
		ADDED from src\main\AndroidManifest.xml:3:78-105
	android:smallScreens
		ADDED from src\main\AndroidManifest.xml:3:21-48
	android:normalScreens
		ADDED from src\main\AndroidManifest.xml:3:49-77
	android:xlargeScreens
		ADDED from src\main\AndroidManifest.xml:3:106-134
	android:anyDensity
		ADDED from src\main\AndroidManifest.xml:3:135-160
application
ADDED from src\main\AndroidManifest.xml:4:3-17:17
	android:label
		ADDED from src\main\AndroidManifest.xml:4:90-122
	android:icon
		ADDED from src\main\AndroidManifest.xml:4:58-89
	android:theme
		ADDED from src\main\AndroidManifest.xml:4:16-57
activity#com.unity3d.player.UnityPlayerActivity
ADDED from src\main\AndroidManifest.xml:5:5-12:16
	android:maxAspectRatio
		ADDED from src\main\AndroidManifest.xml:5:171-200
	android:screenOrientation
		ADDED from src\main\AndroidManifest.xml:5:102-138
	android:label
		ADDED from src\main\AndroidManifest.xml:5:69-101
	android:launchMode
		ADDED from src\main\AndroidManifest.xml:5:139-170
	android:hardwareAccelerated
		ADDED from src\main\AndroidManifest.xml:5:383-418
	android:configChanges
		ADDED from src\main\AndroidManifest.xml:5:201-382
	android:name
		ADDED from src\main\AndroidManifest.xml:5:15-68
intent-filter#action:name:android.intent.action.MAIN+category:name:android.intent.category.LAUNCHER
ADDED from src\main\AndroidManifest.xml:6:7-9:23
action#android.intent.action.MAIN
ADDED from src\main\AndroidManifest.xml:7:9-61
	android:name
		ADDED from src\main\AndroidManifest.xml:7:17-58
category#android.intent.category.LAUNCHER
ADDED from src\main\AndroidManifest.xml:8:9-69
	android:name
		ADDED from src\main\AndroidManifest.xml:8:19-66
meta-data#unityplayer.UnityActivity
ADDED from src\main\AndroidManifest.xml:10:7-82
	android:value
		ADDED from src\main\AndroidManifest.xml:10:59-79
	android:name
		ADDED from src\main\AndroidManifest.xml:10:18-58
meta-data#android.notch_support
ADDED from src\main\AndroidManifest.xml:11:7-78
	android:value
		ADDED from src\main\AndroidManifest.xml:11:55-75
	android:name
		ADDED from src\main\AndroidManifest.xml:11:18-54
meta-data#unity.build-id
ADDED from src\main\AndroidManifest.xml:13:5-101
	android:value
		ADDED from src\main\AndroidManifest.xml:13:46-98
	android:name
		ADDED from src\main\AndroidManifest.xml:13:16-45
meta-data#unity.splash-mode
ADDED from src\main\AndroidManifest.xml:14:5-69
	android:value
		ADDED from src\main\AndroidManifest.xml:14:49-66
	android:name
		ADDED from src\main\AndroidManifest.xml:14:16-48
meta-data#unity.splash-enable
ADDED from src\main\AndroidManifest.xml:15:5-74
	android:value
		ADDED from src\main\AndroidManifest.xml:15:51-71
	android:name
		ADDED from src\main\AndroidManifest.xml:15:16-50
meta-data#notch.config
ADDED from src\main\AndroidManifest.xml:16:5-81
	android:value
		ADDED from src\main\AndroidManifest.xml:16:44-78
	android:name
		ADDED from src\main\AndroidManifest.xml:16:16-43
uses-feature#0x00020000
ADDED from src\main\AndroidManifest.xml:18:3-52
	android:glEsVersion
		ADDED from src\main\AndroidManifest.xml:18:17-49
uses-permission#android.permission.INTERNET
ADDED from src\main\AndroidManifest.xml:19:3-65
MERGED from [:VuforiaWrapper:] AndroidManifest.xml:9:5-67
MERGED from [:VuforiaWrapper:] AndroidManifest.xml:9:5-67
	android:name
		ADDED from src\main\AndroidManifest.xml:19:20-62
uses-permission#android.permission.CHANGE_WIFI_MULTICAST_STATE
ADDED from src\main\AndroidManifest.xml:20:3-84
	android:name
		ADDED from src\main\AndroidManifest.xml:20:20-81
uses-permission#android.permission.VIBRATE
ADDED from src\main\AndroidManifest.xml:21:3-64
	android:name
		ADDED from src\main\AndroidManifest.xml:21:20-61
uses-permission#android.permission.CAMERA
ADDED from src\main\AndroidManifest.xml:22:3-63
MERGED from [:VuforiaWrapper:] AndroidManifest.xml:10:5-65
MERGED from [:VuforiaWrapper:] AndroidManifest.xml:10:5-65
	android:name
		ADDED from src\main\AndroidManifest.xml:22:20-60
uses-feature#android.hardware.camera
ADDED from src\main\AndroidManifest.xml:23:3-83
MERGED from [:VuforiaWrapper:] AndroidManifest.xml:7:5-60
MERGED from [:VuforiaWrapper:] AndroidManifest.xml:7:5-60
	android:required
		ADDED from src\main\AndroidManifest.xml:23:56-80
		MERGED from src\main\AndroidManifest.xml:23:56-80
	android:name
		ADDED from src\main\AndroidManifest.xml:23:17-55
uses-feature#android.hardware.camera.autofocus
ADDED from src\main\AndroidManifest.xml:24:3-93
	android:required
		ADDED from src\main\AndroidManifest.xml:24:66-90
	android:name
		ADDED from src\main\AndroidManifest.xml:24:17-65
uses-feature#android.hardware.camera.front
ADDED from src\main\AndroidManifest.xml:25:3-89
	android:required
		ADDED from src\main\AndroidManifest.xml:25:62-86
	android:name
		ADDED from src\main\AndroidManifest.xml:25:17-61
uses-feature#android.hardware.touchscreen
ADDED from src\main\AndroidManifest.xml:26:3-88
	android:required
		ADDED from src\main\AndroidManifest.xml:26:61-85
	android:name
		ADDED from src\main\AndroidManifest.xml:26:17-60
uses-feature#android.hardware.touchscreen.multitouch
ADDED from src\main\AndroidManifest.xml:27:3-99
	android:required
		ADDED from src\main\AndroidManifest.xml:27:72-96
	android:name
		ADDED from src\main\AndroidManifest.xml:27:17-71
uses-feature#android.hardware.touchscreen.multitouch.distinct
ADDED from src\main\AndroidManifest.xml:28:3-108
	android:required
		ADDED from src\main\AndroidManifest.xml:28:81-105
	android:name
		ADDED from src\main\AndroidManifest.xml:28:17-80
uses-sdk
INJECTED from src\main\AndroidManifest.xml reason: use-sdk injection requested
INJECTED from src\main\AndroidManifest.xml
INJECTED from src\main\AndroidManifest.xml
INJECTED from src\main\AndroidManifest.xml
INJECTED from src\main\AndroidManifest.xml
	android:targetSdkVersion
		INJECTED from src\main\AndroidManifest.xml
		ADDED from src\main\AndroidManifest.xml
		INJECTED from src\main\AndroidManifest.xml
	android:minSdkVersion
		INJECTED from src\main\AndroidManifest.xml
		ADDED from src\main\AndroidManifest.xml
		INJECTED from src\main\AndroidManifest.xml
uses-permission#android.permission.ACCESS_NETWORK_STATE
ADDED from [:VuforiaWrapper:] AndroidManifest.xml:11:5-79
	android:name
		ADDED from [:VuforiaWrapper:] AndroidManifest.xml:11:22-76
uses-permission#android.permission.WRITE_EXTERNAL_STORAGE
ADDED from [:VuforiaWrapper:] AndroidManifest.xml:12:5-81
	android:name
		ADDED from [:VuforiaWrapper:] AndroidManifest.xml:12:22-78
uses-permission#android.permission.READ_PHONE_STATE
IMPLIED from src\main\AndroidManifest.xml:2:1-29:12 reason: com.vuforia.engine.app has a targetSdkVersion < 4
uses-permission#android.permission.READ_EXTERNAL_STORAGE
IMPLIED from src\main\AndroidManifest.xml:2:1-29:12 reason: com.vuforia.engine.app requested WRITE_EXTERNAL_STORAGE